<?xml version="1.0" encoding="UTF-8"?>
<!-- Generated by org.testng.reporters.JUnitReportReporter -->
<testsuite skipped="0" hostname="Saiful-PC" name="logkaka.amin" tests="1" failures="0" timestamp="2020-06-01T19:51:54 EDT" time="0.018" errors="0">
  <testcase name="log1" time="0.018" classname="logkaka.amin"/>
  <system-out/>
</testsuite> <!-- logkaka.amin -->
